nohup: ./python3: No such file or directory
 * Serving Flask app 'main' (lazy loading)
 * Environment: production
   WARNING: This is a development server. Do not use it in a production deployment.
   Use a production WSGI server instead.
 * Debug mode: on
 * Running on all addresses (0.0.0.0)
   WARNING: This is a development server. Do not use it in a production deployment.
 * Running on http://127.0.0.1:5000
 * Running on http://192.168.1.159:5000 (Press CTRL+C to quit)
 * Restarting with stat
 * Debugger is active!
 * Debugger PIN: 316-810-476
Deactivating Virtual Environment: /Users/mikesadler/Desktop/software/learning/programming/search_completion/.venv/
./setup.sh: line 17: deactivate: command not found
Activating Virtual Environment...
Collecting black==22.6.0
  Using cached black-22.6.0-cp39-cp39-macosx_11_0_arm64.whl (1.2 MB)
Collecting click==8.1.3
  Using cached click-8.1.3-py3-none-any.whl (96 kB)
Collecting flask==2.1.3
  Using cached Flask-2.1.3-py3-none-any.whl (95 kB)
Collecting flask-cors==3.0.10
  Using cached Flask_Cors-3.0.10-py2.py3-none-any.whl (14 kB)
Collecting pandas==1.4.3
  Using cached pandas-1.4.3-cp39-cp39-macosx_11_0_arm64.whl (10.5 MB)
Collecting typing-extensions>=3.10.0.0
  Using cached typing_extensions-4.3.0-py3-none-any.whl (25 kB)
Collecting tomli>=1.1.0
  Using cached tomli-2.0.1-py3-none-any.whl (12 kB)
Collecting mypy-extensions>=0.4.3
  Using cached mypy_extensions-0.4.3-py2.py3-none-any.whl (4.5 kB)
Collecting pathspec>=0.9.0
  Using cached pathspec-0.9.0-py2.py3-none-any.whl (31 kB)
Collecting platformdirs>=2
  Using cached platformdirs-2.5.2-py3-none-any.whl (14 kB)
Collecting itsdangerous>=2.0
  Using cached itsdangerous-2.1.2-py3-none-any.whl (15 kB)
Collecting Werkzeug>=2.0
  Using cached Werkzeug-2.2.0-py3-none-any.whl (232 kB)
Collecting importlib-metadata>=3.6.0
  Using cached importlib_metadata-4.12.0-py3-none-any.whl (21 kB)
Collecting Jinja2>=3.0
  Using cached Jinja2-3.1.2-py3-none-any.whl (133 kB)
Collecting Six
  Using cached six-1.16.0-py2.py3-none-any.whl (11 kB)
Collecting numpy>=1.20.0
  Using cached numpy-1.23.1-cp39-cp39-macosx_11_0_arm64.whl (13.3 MB)
Collecting python-dateutil>=2.8.1
  Using cached python_dateutil-2.8.2-py2.py3-none-any.whl (247 kB)
Collecting pytz>=2020.1
  Using cached pytz-2022.1-py2.py3-none-any.whl (503 kB)
Collecting zipp>=0.5
  Using cached zipp-3.8.1-py3-none-any.whl (5.6 kB)
Collecting MarkupSafe>=2.0
  Using cached MarkupSafe-2.1.1-cp39-cp39-macosx_10_9_universal2.whl (17 kB)
Installing collected packages: pytz, mypy-extensions, zipp, typing-extensions, tomli, Six, platformdirs, pathspec, numpy, MarkupSafe, itsdangerous, click, Werkzeug, python-dateutil, Jinja2, importlib-metadata, black, pandas, flask, flask-cors
Successfully installed Jinja2-3.1.2 MarkupSafe-2.1.1 Six-1.16.0 Werkzeug-2.2.0 black-22.6.0 click-8.1.3 flask-2.1.3 flask-cors-3.0.10 importlib-metadata-4.12.0 itsdangerous-2.1.2 mypy-extensions-0.4.3 numpy-1.23.1 pandas-1.4.3 pathspec-0.9.0 platformdirs-2.5.2 python-dateutil-2.8.2 pytz-2022.1 tomli-2.0.1 typing-extensions-4.3.0 zipp-3.8.1

[notice] A new release of pip available: 22.1.2 -> 22.2
[notice] To update, run: pip install --upgrade pip
Prefix: 'dr', Limit: 10.
droopd	(27752)
dreg	(26876)
drest	(26686)
drayman	(26625)
drought	(26414)
dreads	(26379)
dreary	(26335)
droplets	(26278)
drawst	(26249)
dropsy	(25929)
 * Serving Flask app 'main' (lazy loading)
 * Environment: production
   WARNING: This is a development server. Do not use it in a production deployment.
   Use a production WSGI server instead.
 * Debug mode: on
 * Running on all addresses (0.0.0.0)
   WARNING: This is a development server. Do not use it in a production deployment.
 * Running on http://127.0.0.1:5000
 * Running on http://192.168.1.159:5000 (Press CTRL+C to quit)
 * Restarting with stat
 * Debugger is active!
 * Debugger PIN: 316-810-476
127.0.0.1 - - [24/Jul/2022 19:15:03] "GET /prefix/h/ HTTP/1.1" 200 -
Deactivating Virtual Environment: /Users/mikesadler/Desktop/software/learning/programming/search_completion/.venv/
./setup.sh: line 17: deactivate: command not found
Activating Virtual Environment...
Collecting black==22.6.0
  Using cached black-22.6.0-cp39-cp39-macosx_11_0_arm64.whl (1.2 MB)
Collecting click==8.1.3
  Using cached click-8.1.3-py3-none-any.whl (96 kB)
Collecting flask==2.1.3
  Using cached Flask-2.1.3-py3-none-any.whl (95 kB)
Collecting flask-cors==3.0.10
  Using cached Flask_Cors-3.0.10-py2.py3-none-any.whl (14 kB)
Collecting pandas==1.4.3
  Using cached pandas-1.4.3-cp39-cp39-macosx_11_0_arm64.whl (10.5 MB)
Collecting mypy-extensions>=0.4.3
  Using cached mypy_extensions-0.4.3-py2.py3-none-any.whl (4.5 kB)
Collecting tomli>=1.1.0
  Using cached tomli-2.0.1-py3-none-any.whl (12 kB)
Collecting typing-extensions>=3.10.0.0
  Using cached typing_extensions-4.3.0-py3-none-any.whl (25 kB)
Collecting pathspec>=0.9.0
  Using cached pathspec-0.9.0-py2.py3-none-any.whl (31 kB)
Collecting platformdirs>=2
  Using cached platformdirs-2.5.2-py3-none-any.whl (14 kB)
Collecting Werkzeug>=2.0
  Using cached Werkzeug-2.2.0-py3-none-any.whl (232 kB)
Collecting importlib-metadata>=3.6.0
  Using cached importlib_metadata-4.12.0-py3-none-any.whl (21 kB)
Collecting Jinja2>=3.0
  Using cached Jinja2-3.1.2-py3-none-any.whl (133 kB)
Collecting itsdangerous>=2.0
  Using cached itsdangerous-2.1.2-py3-none-any.whl (15 kB)
Collecting Six
  Using cached six-1.16.0-py2.py3-none-any.whl (11 kB)
Collecting python-dateutil>=2.8.1
  Using cached python_dateutil-2.8.2-py2.py3-none-any.whl (247 kB)
Collecting pytz>=2020.1
  Using cached pytz-2022.1-py2.py3-none-any.whl (503 kB)
Collecting numpy>=1.20.0
  Using cached numpy-1.23.1-cp39-cp39-macosx_11_0_arm64.whl (13.3 MB)
Collecting zipp>=0.5
  Using cached zipp-3.8.1-py3-none-any.whl (5.6 kB)
Collecting MarkupSafe>=2.0
  Using cached MarkupSafe-2.1.1-cp39-cp39-macosx_10_9_universal2.whl (17 kB)
Installing collected packages: pytz, mypy-extensions, zipp, typing-extensions, tomli, Six, platformdirs, pathspec, numpy, MarkupSafe, itsdangerous, click, Werkzeug, python-dateutil, Jinja2, importlib-metadata, black, pandas, flask, flask-cors
 * Detected change in '/Users/mikesadler/Desktop/software/learning/programming/search_completion/.venv/lib/python3.9/site-packages/numpy/lib/shape_base.py', reloading
 * Restarting with stat
 * Debugger is active!
 * Debugger PIN: 316-810-476
 * Detected change in '/Users/mikesadler/Desktop/software/learning/programming/search_completion/.venv/lib/python3.9/site-packages/werkzeug/sansio/request.py', reloading
 * Restarting with stat
 * Debugger is active!
 * Debugger PIN: 316-810-476
Successfully installed Jinja2-3.1.2 MarkupSafe-2.1.1 Six-1.16.0 Werkzeug-2.2.0 black-22.6.0 click-8.1.3 flask-2.1.3 flask-cors-3.0.10 importlib-metadata-4.12.0 itsdangerous-2.1.2 mypy-extensions-0.4.3 numpy-1.23.1 pandas-1.4.3 pathspec-0.9.0 platformdirs-2.5.2 python-dateutil-2.8.2 pytz-2022.1 tomli-2.0.1 typing-extensions-4.3.0 zipp-3.8.1

[notice] A new release of pip available: 22.1.2 -> 22.2
[notice] To update, run: pip install --upgrade pip
 * Detected change in '/Users/mikesadler/Desktop/software/learning/programming/search_completion/.venv/lib/python3.9/site-packages/flask/logging.py', reloading
 * Restarting with stat
 * Debugger is active!
 * Debugger PIN: 316-810-476
Prefix: 'dr', Limit: 10.
droopd	(27752)
dreg	(26876)
drest	(26686)
drayman	(26625)
drought	(26414)
dreads	(26379)
dreary	(26335)
droplets	(26278)
drawst	(26249)
dropsy	(25929)
Deactivating Virtual Environment: /Users/mikesadler/Desktop/software/learning/programming/search_completion/.venv/
./setup.sh: line 17: deactivate: command not found
Activating Virtual Environment...
Collecting black==22.6.0
  Using cached black-22.6.0-cp39-cp39-macosx_11_0_arm64.whl (1.2 MB)
Collecting click==8.1.3
  Using cached click-8.1.3-py3-none-any.whl (96 kB)
Collecting flask==2.1.3
  Using cached Flask-2.1.3-py3-none-any.whl (95 kB)
Collecting flask-cors==3.0.10
  Using cached Flask_Cors-3.0.10-py2.py3-none-any.whl (14 kB)
Collecting pandas==1.4.3
  Using cached pandas-1.4.3-cp39-cp39-macosx_11_0_arm64.whl (10.5 MB)
Collecting typing-extensions>=3.10.0.0
  Using cached typing_extensions-4.3.0-py3-none-any.whl (25 kB)
Collecting pathspec>=0.9.0
  Using cached pathspec-0.9.0-py2.py3-none-any.whl (31 kB)
Collecting platformdirs>=2
  Using cached platformdirs-2.5.2-py3-none-any.whl (14 kB)
Collecting mypy-extensions>=0.4.3
  Using cached mypy_extensions-0.4.3-py2.py3-none-any.whl (4.5 kB)
Collecting tomli>=1.1.0
  Using cached tomli-2.0.1-py3-none-any.whl (12 kB)
Collecting itsdangerous>=2.0
  Using cached itsdangerous-2.1.2-py3-none-any.whl (15 kB)
Collecting Werkzeug>=2.0
  Using cached Werkzeug-2.2.0-py3-none-any.whl (232 kB)
Collecting importlib-metadata>=3.6.0
  Using cached importlib_metadata-4.12.0-py3-none-any.whl (21 kB)
Collecting Jinja2>=3.0
  Using cached Jinja2-3.1.2-py3-none-any.whl (133 kB)
Collecting Six
  Using cached six-1.16.0-py2.py3-none-any.whl (11 kB)
Collecting pytz>=2020.1
  Using cached pytz-2022.1-py2.py3-none-any.whl (503 kB)
Collecting numpy>=1.20.0
  Using cached numpy-1.23.1-cp39-cp39-macosx_11_0_arm64.whl (13.3 MB)
Collecting python-dateutil>=2.8.1
  Using cached python_dateutil-2.8.2-py2.py3-none-any.whl (247 kB)
Collecting zipp>=0.5
  Using cached zipp-3.8.1-py3-none-any.whl (5.6 kB)
Collecting MarkupSafe>=2.0
  Using cached MarkupSafe-2.1.1-cp39-cp39-macosx_10_9_universal2.whl (17 kB)
Installing collected packages: pytz, mypy-extensions, zipp, typing-extensions, tomli, Six, platformdirs, pathspec, numpy, MarkupSafe, itsdangerous, click, Werkzeug, python-dateutil, Jinja2, importlib-metadata, black, pandas, flask, flask-cors
 * Detected change in '/Users/mikesadler/Desktop/software/learning/programming/search_completion/.venv/lib/python3.9/site-packages/six.py', reloading
 * Restarting with stat
 * Debugger is active!
 * Debugger PIN: 316-810-476
 * Detected change in '/Users/mikesadler/Desktop/software/learning/programming/search_completion/.venv/lib/python3.9/site-packages/werkzeug/urls.py', reloading
 * Restarting with stat
 * Debugger is active!
 * Debugger PIN: 316-810-476
Successfully installed Jinja2-3.1.2 MarkupSafe-2.1.1 Six-1.16.0 Werkzeug-2.2.0 black-22.6.0 click-8.1.3 flask-2.1.3 flask-cors-3.0.10 importlib-metadata-4.12.0 itsdangerous-2.1.2 mypy-extensions-0.4.3 numpy-1.23.1 pandas-1.4.3 pathspec-0.9.0 platformdirs-2.5.2 python-dateutil-2.8.2 pytz-2022.1 tomli-2.0.1 typing-extensions-4.3.0 zipp-3.8.1

[notice] A new release of pip available: 22.1.2 -> 22.2
[notice] To update, run: pip install --upgrade pip
 * Detected change in '/Users/mikesadler/Desktop/software/learning/programming/search_completion/.venv/lib/python3.9/site-packages/flask/cli.py', reloading
 * Restarting with stat
 * Debugger is active!
 * Debugger PIN: 316-810-476
Prefix: 'dr', Limit: 10.
droopd	(27752)
dreg	(26876)
drest	(26686)
drayman	(26625)
drought	(26414)
dreads	(26379)
dreary	(26335)
droplets	(26278)
drawst	(26249)
dropsy	(25929)
Deactivating Virtual Environment: /Users/mikesadler/Desktop/software/learning/programming/search_completion/.venv/
./setup.sh: line 17: deactivate: command not found
Activating Virtual Environment...
Collecting black==22.6.0
  Using cached black-22.6.0-cp39-cp39-macosx_11_0_arm64.whl (1.2 MB)
Collecting click==8.1.3
  Using cached click-8.1.3-py3-none-any.whl (96 kB)
Collecting flask==2.1.3
  Using cached Flask-2.1.3-py3-none-any.whl (95 kB)
Collecting flask-cors==3.0.10
  Using cached Flask_Cors-3.0.10-py2.py3-none-any.whl (14 kB)
Collecting pandas==1.4.3
  Using cached pandas-1.4.3-cp39-cp39-macosx_11_0_arm64.whl (10.5 MB)
Collecting platformdirs>=2
  Using cached platformdirs-2.5.2-py3-none-any.whl (14 kB)
Collecting typing-extensions>=3.10.0.0
  Using cached typing_extensions-4.3.0-py3-none-any.whl (25 kB)
Collecting mypy-extensions>=0.4.3
  Using cached mypy_extensions-0.4.3-py2.py3-none-any.whl (4.5 kB)
Collecting tomli>=1.1.0
  Using cached tomli-2.0.1-py3-none-any.whl (12 kB)
Collecting pathspec>=0.9.0
  Using cached pathspec-0.9.0-py2.py3-none-any.whl (31 kB)
Collecting itsdangerous>=2.0
  Using cached itsdangerous-2.1.2-py3-none-any.whl (15 kB)
Collecting Werkzeug>=2.0
  Using cached Werkzeug-2.2.0-py3-none-any.whl (232 kB)
Collecting Jinja2>=3.0
  Using cached Jinja2-3.1.2-py3-none-any.whl (133 kB)
Collecting importlib-metadata>=3.6.0
  Using cached importlib_metadata-4.12.0-py3-none-any.whl (21 kB)
Collecting Six
  Using cached six-1.16.0-py2.py3-none-any.whl (11 kB)
Collecting numpy>=1.20.0
  Using cached numpy-1.23.1-cp39-cp39-macosx_11_0_arm64.whl (13.3 MB)
Collecting pytz>=2020.1
  Using cached pytz-2022.1-py2.py3-none-any.whl (503 kB)
Collecting python-dateutil>=2.8.1
  Using cached python_dateutil-2.8.2-py2.py3-none-any.whl (247 kB)
Collecting zipp>=0.5
  Using cached zipp-3.8.1-py3-none-any.whl (5.6 kB)
Collecting MarkupSafe>=2.0
  Using cached MarkupSafe-2.1.1-cp39-cp39-macosx_10_9_universal2.whl (17 kB)
Installing collected packages: pytz, mypy-extensions, zipp, typing-extensions, tomli, Six, platformdirs, pathspec, numpy, MarkupSafe, itsdangerous, click, Werkzeug, python-dateutil, Jinja2, importlib-metadata, black, pandas, flask, flask-cors
Successfully installed Jinja2-3.1.2 MarkupSafe-2.1.1 Six-1.16.0 Werkzeug-2.2.0 black-22.6.0 click-8.1.3 flask-2.1.3 flask-cors-3.0.10 importlib-metadata-4.12.0 itsdangerous-2.1.2 mypy-extensions-0.4.3 numpy-1.23.1 pandas-1.4.3 pathspec-0.9.0 platformdirs-2.5.2 python-dateutil-2.8.2 pytz-2022.1 tomli-2.0.1 typing-extensions-4.3.0 zipp-3.8.1

[notice] A new release of pip available: 22.1.2 -> 22.2
[notice] To update, run: pip install --upgrade pip
Prefix: 'dr', Limit: 10.
droopd	(27752)
dreg	(26876)
drest	(26686)
drayman	(26625)
drought	(26414)
dreads	(26379)
dreary	(26335)
droplets	(26278)
drawst	(26249)
dropsy	(25929)
